<?xml version="1.0" encoding="UTF-8"?>
<testsuite xmlns:xsi="http://www.w3.org/2001/XMLSchema-instance" xsi:noNamespaceSchemaLocation="https://maven.apache.org/surefire/maven-surefire-plugin/xsd/surefire-test-report.xsd" version="3.0.1" name="com.webcrawler.AppTest" time="0.049" tests="1" errors="0" skipped="0" failures="0">
  <properties>
    <property name="java.specification.version" value="23"/>
    <property name="sun.cpu.isalist" value="amd64"/>
    <property name="sun.jnu.encoding" value="Cp1252"/>
    <property name="java.class.path" value="D:\OneDrive - ut.edu.vn\.CODE\THPT2024_java\crawler_saigongiaiphong\target\test-classes;D:\OneDrive - ut.edu.vn\.CODE\THPT2024_java\crawler_saigongiaiphong\target\classes;C:\Users\NgocTam\.m2\repository\org\apache\httpcomponents\httpclient\4.5.13\httpclient-4.5.13.jar;C:\Users\NgocTam\.m2\repository\org\apache\httpcomponents\httpcore\4.4.13\httpcore-4.4.13.jar;C:\Users\NgocTam\.m2\repository\commons-logging\commons-logging\1.2\commons-logging-1.2.jar;C:\Users\NgocTam\.m2\repository\commons-codec\commons-codec\1.11\commons-codec-1.11.jar;C:\Users\NgocTam\.m2\repository\org\jsoup\jsoup\1.14.3\jsoup-1.14.3.jar;C:\Users\NgocTam\.m2\repository\com\google\code\gson\gson\2.9.1\gson-2.9.1.jar;C:\Users\NgocTam\.m2\repository\org\apache\kafka\kafka-clients\2.8.0\kafka-clients-2.8.0.jar;C:\Users\NgocTam\.m2\repository\com\github\luben\zstd-jni\1.4.9-1\zstd-jni-1.4.9-1.jar;C:\Users\NgocTam\.m2\repository\org\lz4\lz4-java\1.7.1\lz4-java-1.7.1.jar;C:\Users\NgocTam\.m2\repository\org\xerial\snappy\snappy-java\1.1.8.1\snappy-java-1.1.8.1.jar;C:\Users\NgocTam\.m2\repository\org\slf4j\slf4j-api\1.7.30\slf4j-api-1.7.30.jar;C:\Users\NgocTam\.m2\repository\org\junit\jupiter\junit-jupiter-api\5.8.1\junit-jupiter-api-5.8.1.jar;C:\Users\NgocTam\.m2\repository\org\opentest4j\opentest4j\1.2.0\opentest4j-1.2.0.jar;C:\Users\NgocTam\.m2\repository\org\junit\platform\junit-platform-commons\1.8.1\junit-platform-commons-1.8.1.jar;C:\Users\NgocTam\.m2\repository\org\apiguardian\apiguardian-api\1.1.2\apiguardian-api-1.1.2.jar;C:\Users\NgocTam\.m2\repository\org\junit\jupiter\junit-jupiter-params\5.8.1\junit-jupiter-params-5.8.1.jar;"/>
    <property name="java.vm.vendor" value="Oracle Corporation"/>
    <property name="sun.arch.data.model" value="64"/>
    <property name="user.variant" value=""/>
    <property name="java.vendor.url" value="https://java.oracle.com/"/>
    <property name="user.timezone" value="Asia/Bangkok"/>
    <property name="os.name" value="Windows 11"/>
    <property name="java.vm.specification.version" value="23"/>
    <property name="sun.java.launcher" value="SUN_STANDARD"/>
    <property name="user.country" value="US"/>
    <property name="sun.boot.library.path" value="C:\Program Files\Java\jdk-23\bin"/>
    <property name="sun.java.command" value="C:\Users\NgocTam\AppData\Local\Temp\surefire6848692374199257380\surefirebooter-20241120132502846_3.jar C:\Users\NgocTam\AppData\Local\Temp\surefire6848692374199257380 2024-11-20T13-25-02_683-jvmRun1 surefire-20241120132502846_1tmp surefire_0-20241120132502846_2tmp"/>
    <property name="jdk.debug" value="release"/>
    <property name="surefire.test.class.path" value="D:\OneDrive - ut.edu.vn\.CODE\THPT2024_java\crawler_saigongiaiphong\target\test-classes;D:\OneDrive - ut.edu.vn\.CODE\THPT2024_java\crawler_saigongiaiphong\target\classes;C:\Users\NgocTam\.m2\repository\org\apache\httpcomponents\httpclient\4.5.13\httpclient-4.5.13.jar;C:\Users\NgocTam\.m2\repository\org\apache\httpcomponents\httpcore\4.4.13\httpcore-4.4.13.jar;C:\Users\NgocTam\.m2\repository\commons-logging\commons-logging\1.2\commons-logging-1.2.jar;C:\Users\NgocTam\.m2\repository\commons-codec\commons-codec\1.11\commons-codec-1.11.jar;C:\Users\NgocTam\.m2\repository\org\jsoup\jsoup\1.14.3\jsoup-1.14.3.jar;C:\Users\NgocTam\.m2\repository\com\google\code\gson\gson\2.9.1\gson-2.9.1.jar;C:\Users\NgocTam\.m2\repository\org\apache\kafka\kafka-clients\2.8.0\kafka-clients-2.8.0.jar;C:\Users\NgocTam\.m2\repository\com\github\luben\zstd-jni\1.4.9-1\zstd-jni-1.4.9-1.jar;C:\Users\NgocTam\.m2\repository\org\lz4\lz4-java\1.7.1\lz4-java-1.7.1.jar;C:\Users\NgocTam\.m2\repository\org\xerial\snappy\snappy-java\1.1.8.1\snappy-java-1.1.8.1.jar;C:\Users\NgocTam\.m2\repository\org\slf4j\slf4j-api\1.7.30\slf4j-api-1.7.30.jar;C:\Users\NgocTam\.m2\repository\org\junit\jupiter\junit-jupiter-api\5.8.1\junit-jupiter-api-5.8.1.jar;C:\Users\NgocTam\.m2\repository\org\opentest4j\opentest4j\1.2.0\opentest4j-1.2.0.jar;C:\Users\NgocTam\.m2\repository\org\junit\platform\junit-platform-commons\1.8.1\junit-platform-commons-1.8.1.jar;C:\Users\NgocTam\.m2\repository\org\apiguardian\apiguardian-api\1.1.2\apiguardian-api-1.1.2.jar;C:\Users\NgocTam\.m2\repository\org\junit\jupiter\junit-jupiter-params\5.8.1\junit-jupiter-params-5.8.1.jar;"/>
    <property name="sun.cpu.endian" value="little"/>
    <property name="user.home" value="C:\Users\NgocTam"/>
    <property name="user.language" value="en"/>
    <property name="java.specification.vendor" value="Oracle Corporation"/>
    <property name="java.version.date" value="2024-09-17"/>
    <property name="java.home" value="C:\Program Files\Java\jdk-23"/>
    <property name="file.separator" value="\"/>
    <property name="basedir" value="D:\OneDrive - ut.edu.vn\.CODE\THPT2024_java\crawler_saigongiaiphong"/>
    <property name="java.vm.compressedOopsMode" value="Zero based"/>
    <property name="line.separator" value="&#10;"/>
    <property name="java.vm.specification.vendor" value="Oracle Corporation"/>
    <property name="java.specification.name" value="Java Platform API Specification"/>
    <property name="surefire.real.class.path" value="C:\Users\NgocTam\AppData\Local\Temp\surefire6848692374199257380\surefirebooter-20241120132502846_3.jar"/>
    <property name="user.script" value=""/>
    <property name="sun.management.compiler" value="HotSpot 64-Bit Tiered Compilers"/>
    <property name="java.runtime.version" value="23+37-2369"/>
    <property name="user.name" value="NgocTam"/>
    <property name="stdout.encoding" value="Cp1252"/>
    <property name="path.separator" value=";"/>
    <property name="os.version" value="10.0"/>
    <property name="java.runtime.name" value="Java(TM) SE Runtime Environment"/>
    <property name="file.encoding" value="UTF-8"/>
    <property name="java.vm.name" value="Java HotSpot(TM) 64-Bit Server VM"/>
    <property name="localRepository" value="C:\Users\NgocTam\.m2\repository"/>
    <property name="java.vendor.url.bug" value="https://bugreport.java.com/bugreport/"/>
    <property name="java.io.tmpdir" value="C:\Users\NgocTam\AppData\Local\Temp\"/>
    <property name="java.version" value="23"/>
    <property name="user.dir" value="D:\OneDrive - ut.edu.vn\.CODE\THPT2024_java\crawler_saigongiaiphong"/>
    <property name="os.arch" value="amd64"/>
    <property name="java.vm.specification.name" value="Java Virtual Machine Specification"/>
    <property name="sun.os.patch.level" value=""/>
    <property name="native.encoding" value="Cp1252"/>
    <property name="java.library.path" value="C:\Program Files\Java\jdk-23\bin;C:\WINDOWS\Sun\Java\bin;C:\WINDOWS\system32;C:\WINDOWS;c:\Users\NgocTam\AppData\Local\Programs\cursor\resources\app\bin;C:\Program Files\Common Files\Oracle\Java\javapath;C:\Program Files (x86)\VMware\VMware Player\bin\;C:\Program Files\Java\jre1.8.0_421\bin;C:\WINDOWS\system32;C:\WINDOWS;C:\WINDOWS\System32\Wbem;C:\WINDOWS\System32\WindowsPowerShell\v1.0\;C:\WINDOWS\System32\OpenSSH\;C:\Program Files\Docker\Docker\resources\bin;C:\Program Files\Git\cmd;C:\Users\NgocTam\AppData\Local\Microsoft\WindowsApps\python.exe;C:\Program Files\nodejs\;D:\apache-maven-3.9.9\bin;C:\Program Files\Java\jdk-23\\bin;C:\Program Files\PuTTY\;C:\Users\NgocTam\AppData\Roaming\Python\Python312\Scripts;C:\Windows\System32;C:\Users\NgocTam\AppData\Local\Programs\Python\Python312\Scripts\;C:\Users\NgocTam\AppData\Local\Programs\Python\Python312\;C:\Users\NgocTam\AppData\Local\Programs\Python\Python313\Scripts\;C:\Users\NgocTam\AppData\Local\Programs\Python\Python313\;C:\Users\NgocTam\AppData\Local\Programs\Python\Python37\Scripts\;C:\Users\NgocTam\AppData\Local\Programs\Python\Python37\;;c:\Users\NgocTam\AppData\Local\Programs\cursor\resources\app\bin;C:\Users\NgocTam\AppData\Local\Programs\Python\Python312\Scripts\;C:\Users\NgocTam\AppData\Local\Programs\Python\Python312\;C:\Users\NgocTam\AppData\Local\Programs\Python\Python313\Scripts\;C:\Users\NgocTam\AppData\Local\Programs\Python\Python313\;C:\Users\NgocTam\AppData\Local\Programs\Python\Python37\Scripts\;C:\Users\NgocTam\AppData\Local\Programs\Python\Python37\;C:\Users\NgocTam\AppData\Local\Programs\Python\Python38\Scripts\;C:\Users\NgocTam\AppData\Local\Programs\Python\Python38\;C:\Users\NgocTam\AppData\Local\Microsoft\WindowsApps;C:\Users\NgocTam\AppData\Local\Programs\Microsoft VS Code\bin;C:\Users\NgocTam\AppData\Local\GitHubDesktop\bin;C:\Users\NgocTam\AppData\Local\Microsoft\WindowsApps\python.exe;C:\Users\NgocTam\AppData\Roaming\npm;."/>
    <property name="java.vm.info" value="mixed mode, sharing"/>
    <property name="stderr.encoding" value="Cp1252"/>
    <property name="java.vendor" value="Oracle Corporation"/>
    <property name="java.vm.version" value="23+37-2369"/>
    <property name="sun.io.unicode.encoding" value="UnicodeLittle"/>
    <property name="java.class.version" value="67.0"/>
  </properties>
  <testcase name="shouldAnswerWithTrue" classname="com.webcrawler.AppTest" time="0.029"/>
</testsuite>